[debug] [2022-09-09T09:12:21.240Z] ----------------------------------------------------------------------
[debug] [2022-09-09T09:12:21.242Z] Command:       C:\Program Files\nodejs\node.exe C:\Users\92347\AppData\Roaming\npm\node_modules\firebase-tools\lib\bin\firebase.js init
[debug] [2022-09-09T09:12:21.242Z] CLI Version:   10.2.0
[debug] [2022-09-09T09:12:21.242Z] Platform:      win32
[debug] [2022-09-09T09:12:21.242Z] Node Version:  v16.13.1
[debug] [2022-09-09T09:12:21.243Z] Time:          Fri Sep 09 2022 14:12:21 GMT+0500 (Pakistan Standard Time)
[debug] [2022-09-09T09:12:21.243Z] ----------------------------------------------------------------------
[debug] 
[debug] [2022-09-09T09:12:21.248Z] > command requires scopes: ["email","openid","https://www.googleapis.com/auth/cloudplatformprojects.readonly","https://www.googleapis.com/auth/firebase","https://www.googleapis.com/auth/cloud-platform"]
[debug] [2022-09-09T09:12:21.249Z] > authorizing via signed-in user (qayyumgb96@gmail.com)
[info] 
     ######## #### ########  ######## ########     ###     ######  ########
     ##        ##  ##     ## ##       ##     ##  ##   ##  ##       ##
     ######    ##  ########  ######   ########  #########  ######  ######
     ##        ##  ##    ##  ##       ##     ## ##     ##       ## ##
     ##       #### ##     ## ######## ########  ##     ##  ######  ########

You're about to initialize a Firebase project in this directory:

  C:\Users\92347\Desktop\portfolio_repo\qayyum-portfolio

[info] 
=== Project Setup
[info] 
[info] First, let's associate this project directory with a Firebase project.
[info] You can create multiple project aliases by running firebase use --add, 
[info] but for now we'll just set up a default project.
[info] 
[info] i  If you want to create a project in a Google Cloud organization or folder, please use "firebase projects:create" instead, and return to this command when you've created the project. 
[debug] [2022-09-09T09:12:41.003Z] >>> HTTP REQUEST POST https://cloudresourcemanager.googleapis.com/v1/projects  
 {"projectId":"qayyum1","name":"qayyum1"}
[debug] [2022-09-09T09:12:42.629Z] <<< HTTP RESPONSE 200 {"content-type":"application/json; charset=UTF-8","vary":"X-Origin, Referer, Origin,Accept-Encoding","date":"Fri, 09 Sep 2022 09:12:42 GMT","server":"ESF","cache-control":"private","x-xss-protection":"0","x-frame-options":"SAMEORIGIN","x-content-type-options":"nosniff","server-timing":"gfet4t7; dur=1356","alt-svc":"h3=\":443\"; ma=2592000,h3-29=\":443\"; ma=2592000,h3-Q050=\":443\"; ma=2592000,h3-Q046=\":443\"; ma=2592000,h3-Q043=\":443\"; ma=2592000,quic=\":443\"; ma=2592000; v=\"46,43\"","accept-ranges":"none","transfer-encoding":"chunked"}
[debug] [2022-09-09T09:12:42.631Z] > refreshing access token with scopes: []
[debug] [2022-09-09T09:12:42.631Z] >>> HTTP REQUEST POST https://www.googleapis.com/oauth2/v3/token  
 <request body omitted>
[debug] [2022-09-09T09:12:43.017Z] <<< HTTP RESPONSE 200 {"cache-control":"no-cache, no-store, max-age=0, must-revalidate","expires":"Mon, 01 Jan 1990 00:00:00 GMT","pragma":"no-cache","date":"Fri, 09 Sep 2022 09:12:42 GMT","content-type":"application/json; charset=utf-8","vary":"X-Origin, Referer, Origin,Accept-Encoding","server":"scaffolding on HTTPServer2","x-xss-protection":"0","x-frame-options":"SAMEORIGIN","x-content-type-options":"nosniff","alt-svc":"h3=\":443\"; ma=2592000,h3-29=\":443\"; ma=2592000,h3-Q050=\":443\"; ma=2592000,h3-Q046=\":443\"; ma=2592000,h3-Q043=\":443\"; ma=2592000,quic=\":443\"; ma=2592000; v=\"46,43\"","accept-ranges":"none","transfer-encoding":"chunked"}
[debug] [2022-09-09T09:12:43.027Z] >>> [apiv2][query] GET https://cloudresourcemanager.googleapis.com/v1/operations/cp.6981628447779398300 [none]
[debug] [2022-09-09T09:12:44.669Z] <<< [apiv2][status] GET https://cloudresourcemanager.googleapis.com/v1/operations/cp.6981628447779398300 200
[debug] [2022-09-09T09:12:44.670Z] <<< [apiv2][body] GET https://cloudresourcemanager.googleapis.com/v1/operations/cp.6981628447779398300 {"name":"operations/cp.6981628447779398300","metadata":{"@type":"type.googleapis.com/google.cloudresourcemanager.v1.ProjectCreationStatus","gettable":true}}
[debug] [2022-09-09T09:12:45.184Z] [Project Creation Poller] Retrying task index 0
[debug] [2022-09-09T09:12:45.185Z] >>> [apiv2][query] GET https://cloudresourcemanager.googleapis.com/v1/operations/cp.6981628447779398300 [none]
[debug] [2022-09-09T09:12:46.874Z] <<< [apiv2][status] GET https://cloudresourcemanager.googleapis.com/v1/operations/cp.6981628447779398300 200
[debug] [2022-09-09T09:12:46.874Z] <<< [apiv2][body] GET https://cloudresourcemanager.googleapis.com/v1/operations/cp.6981628447779398300 {"name":"operations/cp.6981628447779398300","metadata":{"@type":"type.googleapis.com/google.cloudresourcemanager.v1.ProjectCreationStatus","gettable":true,"ready":true},"done":true,"response":{"@type":"type.googleapis.com/google.cloudresourcemanager.v1.Project","projectNumber":"951510812135","projectId":"qayyum1","lifecycleState":"ACTIVE","name":"qayyum1","createTime":"2022-09-09T09:12:42.437Z"}}
[debug] [2022-09-09T09:12:46.876Z] > refreshing access token with scopes: ["email","https://www.googleapis.com/auth/cloud-platform","https://www.googleapis.com/auth/cloudplatformprojects.readonly","https://www.googleapis.com/auth/firebase","openid"]
[debug] [2022-09-09T09:12:46.877Z] >>> HTTP REQUEST POST https://www.googleapis.com/oauth2/v3/token  
 <request body omitted>
[debug] [2022-09-09T09:12:47.252Z] <<< HTTP RESPONSE 200 {"cache-control":"no-cache, no-store, max-age=0, must-revalidate","date":"Fri, 09 Sep 2022 09:12:47 GMT","pragma":"no-cache","expires":"Mon, 01 Jan 1990 00:00:00 GMT","content-type":"application/json; charset=utf-8","vary":"X-Origin, Referer, Origin,Accept-Encoding","server":"scaffolding on HTTPServer2","x-xss-protection":"0","x-frame-options":"SAMEORIGIN","x-content-type-options":"nosniff","alt-svc":"h3=\":443\"; ma=2592000,h3-29=\":443\"; ma=2592000,h3-Q050=\":443\"; ma=2592000,h3-Q046=\":443\"; ma=2592000,h3-Q043=\":443\"; ma=2592000,quic=\":443\"; ma=2592000; v=\"46,43\"","accept-ranges":"none","transfer-encoding":"chunked"}
[debug] [2022-09-09T09:12:47.260Z] >>> HTTP REQUEST POST https://firebase.googleapis.com/v1beta1/projects/qayyum1:addFirebase  
 
[debug] [2022-09-09T09:12:50.628Z] <<< HTTP RESPONSE 200 {"content-type":"application/json; charset=UTF-8","vary":"X-Origin, Referer, Origin,Accept-Encoding","date":"Fri, 09 Sep 2022 09:12:50 GMT","server":"ESF","cache-control":"private","x-xss-protection":"0","x-frame-options":"SAMEORIGIN","x-content-type-options":"nosniff","alt-svc":"h3=\":443\"; ma=2592000,h3-29=\":443\"; ma=2592000,h3-Q050=\":443\"; ma=2592000,h3-Q046=\":443\"; ma=2592000,h3-Q043=\":443\"; ma=2592000,quic=\":443\"; ma=2592000; v=\"46,43\"","accept-ranges":"none","transfer-encoding":"chunked"}
[debug] [2022-09-09T09:12:50.629Z] > refreshing access token with scopes: []
[debug] [2022-09-09T09:12:50.629Z] >>> HTTP REQUEST POST https://www.googleapis.com/oauth2/v3/token  
 <request body omitted>
[debug] [2022-09-09T09:12:51.003Z] <<< HTTP RESPONSE 200 {"cache-control":"no-cache, no-store, max-age=0, must-revalidate","pragma":"no-cache","expires":"Mon, 01 Jan 1990 00:00:00 GMT","date":"Fri, 09 Sep 2022 09:12:50 GMT","content-type":"application/json; charset=utf-8","vary":"X-Origin, Referer, Origin,Accept-Encoding","server":"scaffolding on HTTPServer2","x-xss-protection":"0","x-frame-options":"SAMEORIGIN","x-content-type-options":"nosniff","alt-svc":"h3=\":443\"; ma=2592000,h3-29=\":443\"; ma=2592000,h3-Q050=\":443\"; ma=2592000,h3-Q046=\":443\"; ma=2592000,h3-Q043=\":443\"; ma=2592000,quic=\":443\"; ma=2592000; v=\"46,43\"","accept-ranges":"none","transfer-encoding":"chunked"}
[debug] [2022-09-09T09:12:51.011Z] >>> [apiv2][query] GET https://firebase.googleapis.com/v1beta1/operations/workflows/ZDc0YjcwZWMtNjJlZC00OGE4LTgyOGQtODQ4ZDEzMGI3NWI0 [none]
[debug] [2022-09-09T09:12:51.913Z] <<< [apiv2][status] GET https://firebase.googleapis.com/v1beta1/operations/workflows/ZDc0YjcwZWMtNjJlZC00OGE4LTgyOGQtODQ4ZDEzMGI3NWI0 200
[debug] [2022-09-09T09:12:51.914Z] <<< [apiv2][body] GET https://firebase.googleapis.com/v1beta1/operations/workflows/ZDc0YjcwZWMtNjJlZC00OGE4LTgyOGQtODQ4ZDEzMGI3NWI0 {"name":"operations/workflows/ZDc0YjcwZWMtNjJlZC00OGE4LTgyOGQtODQ4ZDEzMGI3NWI0"}
[debug] [2022-09-09T09:12:52.418Z] [Add Firebase Poller] Retrying task index 0
[debug] [2022-09-09T09:12:52.418Z] >>> [apiv2][query] GET https://firebase.googleapis.com/v1beta1/operations/workflows/ZDc0YjcwZWMtNjJlZC00OGE4LTgyOGQtODQ4ZDEzMGI3NWI0 [none]
[debug] [2022-09-09T09:12:53.470Z] <<< [apiv2][status] GET https://firebase.googleapis.com/v1beta1/operations/workflows/ZDc0YjcwZWMtNjJlZC00OGE4LTgyOGQtODQ4ZDEzMGI3NWI0 200
[debug] [2022-09-09T09:12:53.470Z] <<< [apiv2][body] GET https://firebase.googleapis.com/v1beta1/operations/workflows/ZDc0YjcwZWMtNjJlZC00OGE4LTgyOGQtODQ4ZDEzMGI3NWI0 {"name":"operations/workflows/ZDc0YjcwZWMtNjJlZC00OGE4LTgyOGQtODQ4ZDEzMGI3NWI0"}
[debug] [2022-09-09T09:12:54.471Z] [Add Firebase Poller] Retrying task index 0
[debug] [2022-09-09T09:12:54.472Z] >>> [apiv2][query] GET https://firebase.googleapis.com/v1beta1/operations/workflows/ZDc0YjcwZWMtNjJlZC00OGE4LTgyOGQtODQ4ZDEzMGI3NWI0 [none]
[debug] [2022-09-09T09:12:55.414Z] <<< [apiv2][status] GET https://firebase.googleapis.com/v1beta1/operations/workflows/ZDc0YjcwZWMtNjJlZC00OGE4LTgyOGQtODQ4ZDEzMGI3NWI0 200
[debug] [2022-09-09T09:12:55.414Z] <<< [apiv2][body] GET https://firebase.googleapis.com/v1beta1/operations/workflows/ZDc0YjcwZWMtNjJlZC00OGE4LTgyOGQtODQ4ZDEzMGI3NWI0 {"name":"operations/workflows/ZDc0YjcwZWMtNjJlZC00OGE4LTgyOGQtODQ4ZDEzMGI3NWI0"}
[debug] [2022-09-09T09:12:57.420Z] [Add Firebase Poller] Retrying task index 0
[debug] [2022-09-09T09:12:57.420Z] >>> [apiv2][query] GET https://firebase.googleapis.com/v1beta1/operations/workflows/ZDc0YjcwZWMtNjJlZC00OGE4LTgyOGQtODQ4ZDEzMGI3NWI0 [none]
[debug] [2022-09-09T09:12:58.464Z] <<< [apiv2][status] GET https://firebase.googleapis.com/v1beta1/operations/workflows/ZDc0YjcwZWMtNjJlZC00OGE4LTgyOGQtODQ4ZDEzMGI3NWI0 200
[debug] [2022-09-09T09:12:58.464Z] <<< [apiv2][body] GET https://firebase.googleapis.com/v1beta1/operations/workflows/ZDc0YjcwZWMtNjJlZC00OGE4LTgyOGQtODQ4ZDEzMGI3NWI0 {"name":"operations/workflows/ZDc0YjcwZWMtNjJlZC00OGE4LTgyOGQtODQ4ZDEzMGI3NWI0","done":true,"response":{"@type":"type.googleapis.com/google.firebase.service.v1beta1.FirebaseProject","projectId":"qayyum1","projectNumber":"951510812135","displayName":"qayyum1","name":"projects/qayyum1","resources":{"hostingSite":"qayyum1"}}}
[info] 
[info] === Your Firebase project is ready! ===
[info] 
[info] Project information:
[info]    - Project ID: qayyum1
[info]    - Project Name: qayyum1
[info] 
[info] Firebase console is available at
[info] https://console.firebase.google.com/project/qayyum1/overview
[info] i  Using project qayyum1 (qayyum1) 
[info] 
=== Hosting Setup
[info] 
[info] Your public directory is the folder (relative to your project directory) that
[info] will contain Hosting assets to be uploaded with firebase deploy. If you
[info] have a build process for your assets, use your build's output directory.
[info] 
[debug] [2022-09-09T09:13:11.172Z] >>> [apiv2][query] GET https://www.gstatic.com/firebasejs/releases.json [none]
[debug] [2022-09-09T09:13:11.427Z] <<< [apiv2][status] GET https://www.gstatic.com/firebasejs/releases.json 200
[debug] [2022-09-09T09:13:11.427Z] <<< [apiv2][body] GET https://www.gstatic.com/firebasejs/releases.json {"current":{"version":"9.9.4","browserURL":"https://www.gstatic.com/firebasejs/9.9.4/firebase.js","packageURL":"https://www.gstatic.com/firebasejs/9.9.4/firebase.tgz"},"live":{"version":"9.9","browserURL":"https://www.gstatic.com/firebasejs/live/9.9/firebase.js","packageURL":"https://www.gstatic.com/firebasejs/live/9.9/firebase.tgz"},"components":{"analytics":"https://www.gstatic.com/firebasejs/9.9.4/firebase-analytics.js","app":"https://www.gstatic.com/firebasejs/9.9.4/firebase-app.js","app-check":"https://www.gstatic.com/firebasejs/9.9.4/firebase-app-check.js","auth":"https://www.gstatic.com/firebasejs/9.9.4/firebase-auth.js","auth/cordova":"https://www.gstatic.com/firebasejs/9.9.4/firebase-auth/cordova.js","auth/react-native":"https://www.gstatic.com/firebasejs/9.9.4/firebase-auth/react-native.js","functions":"https://www.gstatic.com/firebasejs/9.9.4/firebase-functions.js","firestore":"https://www.gstatic.com/firebasejs/9.9.4/firebase-firestore.js","firestore/lite":"https://www.gstatic.com/firebasejs/9.9.4/firebase-firestore/lite.js","installations":"https://www.gstatic.com/firebasejs/9.9.4/firebase-installations.js","storage":"https://www.gstatic.com/firebasejs/9.9.4/firebase-storage.js","performance":"https://www.gstatic.com/firebasejs/9.9.4/firebase-performance.js","remote-config":"https://www.gstatic.com/firebasejs/9.9.4/firebase-remote-config.js","messaging":"https://www.gstatic.com/firebasejs/9.9.4/firebase-messaging.js","messaging/sw":"https://www.gstatic.com/firebasejs/9.9.4/firebase-messaging/sw.js","database":"https://www.gstatic.com/firebasejs/9.9.4/firebase-database.js","firestore.memory":"https://www.gstatic.com/firebasejs/9.9.4/firebase-firestore.memory.js"}}
[debug] [2022-09-09T09:13:11.797Z] Error: ENOENT: no such file or directory, open 'C:\Users\92347\Desktop\portfolio_repo\qayyum-portfolio\index.html\index.html'
    at Object.openSync (node:fs:585:3)
    at Object.writeFileSync (node:fs:2153:35)
    at Object.createFileSync (C:\Users\92347\AppData\Roaming\npm\node_modules\firebase-tools\node_modules\fs-extra\lib\ensure\file.js:43:6)
    at Config.writeProjectFile (C:\Users\92347\AppData\Roaming\npm\node_modules\firebase-tools\lib\config.js:144:12)
    at C:\Users\92347\AppData\Roaming\npm\node_modules\firebase-tools\lib\config.js:162:22
    at processTicksAndRejections (node:internal/process/task_queues:96:5)
[error] 
[error] Error: An unexpected error has occurred.
